[16:18:09] [main/INFO] (FabricLoader/GameProvider) Loading Minecraft 1.21.6-pre3 with Fabric Loader 0.16.14
[16:18:09] [main/INFO] (FabricLoader) Loading 46 mods:
	- fabric-api 0.126.0+1.21.6
	- fabric-api-base 0.4.63+9ec45cd842
	- fabric-api-lookup-api-v1 1.6.99+9ec45cd842
	- fabric-biome-api-v1 16.0.10+fa6cb72b42
	- fabric-block-api-v1 1.1.2+78dbe4fb42
	- fabric-block-view-api-v2 1.0.30+d32f812d42
	- fabric-client-gametest-api-v1 4.2.3+458b8c9a42
	- fabric-command-api-v2 2.2.52+b39a696a42
	- fabric-content-registries-v0 10.0.17+fa6cb72b42
	- fabric-convention-tags-v1 2.1.36+7f945d5b42
	- fabric-convention-tags-v2 2.15.1+52795d4642
	- fabric-crash-report-info-v1 0.3.14+fa6cb72b42
	- fabric-data-attachment-api-v1 1.8.7+c9e4727342
	- fabric-data-generation-api-v1 23.1.5+87595cd042
	- fabric-dimensions-v1 4.0.18+75fa737a42
	- fabric-entity-events-v1 2.1.0+c9e4727342
	- fabric-events-interaction-v0 4.0.22+0d4d744742
	- fabric-game-rule-api-v1 1.0.71+9ec45cd842
	- fabric-gametest-api-v1 3.1.8+39ce47f542
	- fabric-item-api-v1 11.4.2+5e29f18942
	- fabric-item-group-api-v1 4.2.12+9ec45cd842
	- fabric-key-binding-api-v1 1.0.64+9ec45cd842
	- fabric-lifecycle-events-v1 2.6.2+db4dfd8542
	- fabric-loot-api-v2 3.0.52+3f89f5a542
	- fabric-loot-api-v3 1.1.0+9889468542
	- fabric-message-api-v1 6.1.0+8efa0e4942
	- fabric-networking-api-v1 5.0.0+d32f812d42
	- fabric-object-builder-api-v1 21.1.5+946cf78942
	- fabric-particles-v1 4.1.6+c1dce21842
	- fabric-recipe-api-v1 8.1.13+39ce47f542
	- fabric-registry-sync-v0 6.1.25+9ec45cd842
	- fabric-rendering-fluids-v1 3.1.29+fa6cb72b42
	- fabric-rendering-v1 12.2.0+f1bdfe5f42
	- fabric-resource-conditions-api-v1 5.0.23+908cbc9142
	- fabric-resource-loader-v0 3.1.10+fa6cb72b42
	- fabric-screen-api-v1 2.0.50+908cbc9142
	- fabric-screen-handler-api-v1 1.3.134+d32f812d42
	- fabric-sound-api-v1 1.0.41+d32f812d42
	- fabric-tag-api-v1 1.2.0+75110b0442
	- fabric-transfer-api-v1 6.0.4+074c84ee42
	- fabric-transitive-access-wideners-v1 6.3.22+b39a696a42
	- fabricloader 0.16.14
	- fast_happy_ghasts 1.0.0
	- java 21
	- minecraft 1.21.6-beta.3
	- mixinextras 0.4.1
[16:18:10] [main/INFO] (FabricLoader/Mixin) SpongePowered MIXIN Subsystem Version=0.8.7 Source=file:/C:/Users/micha/.gradle/caches/modules-2/files-2.1/net.fabricmc/sponge-mixin/0.15.5+mixin.0.8.7/22f9eb729e216a091673a574a5906dc1b9027fb3/sponge-mixin-0.15.5+mixin.0.8.7.jar Service=Knot/Fabric Env=CLIENT
[16:18:10] [main/INFO] (FabricLoader/Mixin) Loaded Fabric development mappings for mixin remapper!
[16:18:10] [main/INFO] (FabricLoader/Mixin) Compatibility level set to JAVA_21
[16:18:11] [main/INFO] (FabricLoader/MixinExtras|Service) Initializing MixinExtras via com.llamalad7.mixinextras.service.MixinExtrasServiceImpl(version=0.4.1).
[16:18:13] [Datafixer Bootstrap/INFO] (Minecraft) 269 Datafixer optimizations took 578 milliseconds
[16:18:20] [Render thread/INFO] (Minecraft) Environment: Environment[sessionHost=https://sessionserver.mojang.com, servicesHost=https://api.minecraftservices.com, name=PROD]
[16:18:20] [Render thread/INFO] (Minecraft) Setting user: Player120
[16:18:20] [Render thread/INFO] (Minecraft) [STDOUT]: [FastHappyGhasts] Config loaded: {"enabled":true,"allowOnServers":false,"speedMultiplier":1.5}
[16:18:21] [Render thread/INFO] (Minecraft) Backend library: LWJGL version 3.3.3-snapshot
[16:18:21] [Render thread/INFO] (Minecraft) Using optional rendering extensions: GL_ARB_buffer_storage, GL_KHR_debug, GL_ARB_vertex_attrib_binding, GL_ARB_direct_state_access
[16:18:22] [Render thread/INFO] (Minecraft) Reloading ResourceManager: vanilla, fabric, fabric-api, fabric-api-base, fabric-api-lookup-api-v1, fabric-biome-api-v1, fabric-block-api-v1, fabric-block-view-api-v2, fabric-client-gametest-api-v1, fabric-command-api-v2, fabric-content-registries-v0, fabric-convention-tags-v1, fabric-convention-tags-v2, fabric-crash-report-info-v1, fabric-data-attachment-api-v1, fabric-data-generation-api-v1, fabric-dimensions-v1, fabric-entity-events-v1, fabric-events-interaction-v0, fabric-game-rule-api-v1, fabric-gametest-api-v1, fabric-item-api-v1, fabric-item-group-api-v1, fabric-key-binding-api-v1, fabric-lifecycle-events-v1, fabric-loot-api-v2, fabric-loot-api-v3, fabric-message-api-v1, fabric-networking-api-v1, fabric-object-builder-api-v1, fabric-particles-v1, fabric-recipe-api-v1, fabric-registry-sync-v0, fabric-rendering-fluids-v1, fabric-rendering-v1, fabric-resource-conditions-api-v1, fabric-resource-loader-v0, fabric-screen-api-v1, fabric-screen-handler-api-v1, fabric-sound-api-v1, fabric-tag-api-v1, fabric-transfer-api-v1, fabric-transitive-access-wideners-v1, fabricloader
[16:18:22] [Worker-Main-10/INFO] (Minecraft) Found unifont_pua-16.0.03.hex, loading
[16:18:22] [Worker-Main-9/INFO] (Minecraft) Found unifont_all_no_pua-16.0.03.hex, loading
[16:18:22] [Render thread/INFO] (Minecraft) [STDOUT]: [FastHappyGhasts] No player or world loaded.
[16:18:22] [Render thread/INFO] (Minecraft) [STDOUT]: [FastHappyGhasts] No player or world loaded.
[16:18:22] [Render thread/INFO] (Minecraft) [STDOUT]: [FastHappyGhasts] No player or world loaded.
[16:18:22] [Render thread/INFO] (Minecraft) [STDOUT]: [FastHappyGhasts] No player or world loaded.
[16:18:22] [Render thread/INFO] (Minecraft) [STDOUT]: [FastHappyGhasts] No player or world loaded.
[16:18:22] [Render thread/INFO] (Minecraft) [STDOUT]: [FastHappyGhasts] No player or world loaded.
[16:18:22] [Render thread/INFO] (Minecraft) [STDOUT]: [FastHappyGhasts] No player or world loaded.
[16:18:22] [Render thread/INFO] (Minecraft) [STDOUT]: [FastHappyGhasts] No player or world loaded.
[16:18:22] [Render thread/INFO] (Minecraft) [STDOUT]: [FastHappyGhasts] No player or world loaded.
[16:18:22] [Render thread/INFO] (Minecraft) [STDOUT]: [FastHappyGhasts] No player or world loaded.
[16:18:22] [Worker-Main-4/INFO] (Minecraft) Found unifont_jp_patch-16.0.03.hex, loading
[16:18:23] [Render thread/INFO] (Minecraft) [STDOUT]: [FastHappyGhasts] No player or world loaded.
[16:18:23] [Render thread/INFO] (Minecraft) [STDOUT]: [FastHappyGhasts] No player or world loaded.
[16:18:23] [Render thread/INFO] (Minecraft) [STDOUT]: [FastHappyGhasts] No player or world loaded.
[16:18:23] [Render thread/INFO] (Minecraft) [STDOUT]: [FastHappyGhasts] No player or world loaded.
[16:18:23] [Render thread/INFO] (Minecraft) [STDOUT]: [FastHappyGhasts] No player or world loaded.
[16:18:23] [Render thread/INFO] (Minecraft) [STDOUT]: [FastHappyGhasts] No player or world loaded.
[16:18:23] [Render thread/INFO] (Minecraft) [STDOUT]: [FastHappyGhasts] No player or world loaded.
[16:18:23] [Render thread/INFO] (Minecraft) [STDOUT]: [FastHappyGhasts] No player or world loaded.
[16:18:23] [Render thread/INFO] (Minecraft) [STDOUT]: [FastHappyGhasts] No player or world loaded.
[16:18:23] [Render thread/INFO] (Minecraft) [STDOUT]: [FastHappyGhasts] No player or world loaded.
[16:18:23] [Render thread/INFO] (Minecraft) [STDOUT]: [FastHappyGhasts] No player or world loaded.
[16:18:23] [Render thread/INFO] (Minecraft) [STDOUT]: [FastHappyGhasts] No player or world loaded.
[16:18:23] [Render thread/INFO] (Minecraft) [STDOUT]: [FastHappyGhasts] No player or world loaded.
[16:18:23] [Render thread/INFO] (Minecraft) [STDOUT]: [FastHappyGhasts] No player or world loaded.
[16:18:23] [Render thread/INFO] (Minecraft) [STDOUT]: [FastHappyGhasts] No player or world loaded.
[16:18:23] [Render thread/INFO] (Minecraft) [STDOUT]: [FastHappyGhasts] No player or world loaded.
[16:18:23] [Render thread/INFO] (Minecraft) [STDOUT]: [FastHappyGhasts] No player or world loaded.
[16:18:23] [Render thread/INFO] (Minecraft) [STDOUT]: [FastHappyGhasts] No player or world loaded.
[16:18:23] [Render thread/INFO] (Minecraft) [STDOUT]: [FastHappyGhasts] No player or world loaded.
[16:18:23] [Render thread/INFO] (Minecraft) [STDOUT]: [FastHappyGhasts] No player or world loaded.
[16:18:23] [Render thread/INFO] (Minecraft) [STDOUT]: [FastHappyGhasts] No player or world loaded.
[16:18:23] [Render thread/INFO] (Minecraft) [STDOUT]: [FastHappyGhasts] No player or world loaded.
[16:18:23] [Render thread/INFO] (Minecraft) [STDOUT]: [FastHappyGhasts] No player or world loaded.
[16:18:24] [Render thread/INFO] (Minecraft) OpenAL initialized on device OpenAL Soft on Headphones (Arctis Nova 3)
[16:18:24] [Render thread/INFO] (Minecraft) Sound engine started
[16:18:24] [Render thread/INFO] (Minecraft) Created: 1024x512x4 minecraft:textures/atlas/blocks.png-atlas
[16:18:24] [Render thread/INFO] (Minecraft) Created: 256x256x4 minecraft:textures/atlas/signs.png-atlas
[16:18:24] [Render thread/INFO] (Minecraft) Created: 512x512x4 minecraft:textures/atlas/banner_patterns.png-atlas
[16:18:24] [Render thread/INFO] (Minecraft) Created: 512x512x4 minecraft:textures/atlas/shield_patterns.png-atlas
[16:18:24] [Render thread/INFO] (Minecraft) Created: 2048x1024x4 minecraft:textures/atlas/armor_trims.png-atlas
[16:18:24] [Render thread/INFO] (Minecraft) Created: 256x256x4 minecraft:textures/atlas/chest.png-atlas
[16:18:24] [Render thread/INFO] (Minecraft) Created: 128x64x4 minecraft:textures/atlas/decorated_pot.png-atlas
[16:18:24] [Render thread/INFO] (Minecraft) Created: 512x256x4 minecraft:textures/atlas/beds.png-atlas
[16:18:24] [Render thread/INFO] (Minecraft) Created: 512x256x4 minecraft:textures/atlas/shulker_boxes.png-atlas
[16:18:24] [Render thread/INFO] (Minecraft) Created: 64x64x0 minecraft:textures/atlas/map_decorations.png-atlas
[16:18:24] [Render thread/INFO] (Minecraft) Created: 512x256x0 minecraft:textures/atlas/particles.png-atlas
[16:18:24] [Render thread/INFO] (Minecraft) Created: 512x256x0 minecraft:textures/atlas/paintings.png-atlas
[16:18:24] [Render thread/INFO] (Minecraft) Created: 1024x512x0 minecraft:textures/atlas/gui.png-atlas
[16:18:24] [Render thread/INFO] (Minecraft) [STDOUT]: [FastHappyGhasts] No player or world loaded.
[16:18:24] [Render thread/INFO] (Minecraft) [STDOUT]: [FastHappyGhasts] No player or world loaded.
[16:18:24] [Render thread/INFO] (Minecraft) [STDOUT]: [FastHappyGhasts] No player or world loaded.
[16:18:24] [Render thread/INFO] (Minecraft) [STDOUT]: [FastHappyGhasts] No player or world loaded.
[16:18:24] [Render thread/INFO] (Minecraft) [STDOUT]: [FastHappyGhasts] No player or world loaded.
[16:18:24] [Render thread/INFO] (Minecraft) [STDOUT]: [FastHappyGhasts] No player or world loaded.
[16:18:24] [Render thread/INFO] (Minecraft) [STDOUT]: [FastHappyGhasts] No player or world loaded.
[16:18:24] [Render thread/INFO] (Minecraft) [STDOUT]: [FastHappyGhasts] No player or world loaded.
[16:18:24] [Render thread/INFO] (Minecraft) [STDOUT]: [FastHappyGhasts] No player or world loaded.
[16:18:24] [Render thread/INFO] (Minecraft) [STDOUT]: [FastHappyGhasts] No player or world loaded.
[16:18:24] [Render thread/INFO] (Minecraft) [STDOUT]: [FastHappyGhasts] No player or world loaded.
[16:18:24] [Render thread/INFO] (Minecraft) [STDOUT]: [FastHappyGhasts] No player or world loaded.
[16:18:24] [Render thread/INFO] (Minecraft) [STDOUT]: [FastHappyGhasts] No player or world loaded.
[16:18:24] [Render thread/INFO] (Minecraft) [STDOUT]: [FastHappyGhasts] No player or world loaded.
[16:18:24] [Render thread/INFO] (Minecraft) [STDOUT]: [FastHappyGhasts] No player or world loaded.
[16:18:24] [Render thread/INFO] (Minecraft) [STDOUT]: [FastHappyGhasts] No player or world loaded.
[16:18:24] [Render thread/INFO] (Minecraft) [STDOUT]: [FastHappyGhasts] No player or world loaded.
[16:18:24] [Render thread/INFO] (Minecraft) [STDOUT]: [FastHappyGhasts] No player or world loaded.
[16:18:24] [Render thread/INFO] (Minecraft) [STDOUT]: [FastHappyGhasts] No player or world loaded.
[16:18:24] [Render thread/INFO] (Minecraft) [STDOUT]: [FastHappyGhasts] No player or world loaded.
[16:18:25] [Render thread/INFO] (Minecraft) [STDOUT]: [FastHappyGhasts] No player or world loaded.
[16:18:25] [Render thread/INFO] (Minecraft) [STDOUT]: [FastHappyGhasts] No player or world loaded.
[16:18:25] [Render thread/INFO] (Minecraft) [STDOUT]: [FastHappyGhasts] No player or world loaded.
[16:18:25] [Render thread/INFO] (Minecraft) [STDOUT]: [FastHappyGhasts] No player or world loaded.
[16:18:25] [Render thread/INFO] (Minecraft) [STDOUT]: [FastHappyGhasts] No player or world loaded.
[16:18:25] [Render thread/INFO] (Minecraft) [STDOUT]: [FastHappyGhasts] No player or world loaded.
[16:18:25] [Render thread/INFO] (Minecraft) [STDOUT]: [FastHappyGhasts] No player or world loaded.
[16:18:25] [Render thread/INFO] (Minecraft) [STDOUT]: [FastHappyGhasts] No player or world loaded.
[16:18:25] [Render thread/INFO] (Minecraft) [STDOUT]: [FastHappyGhasts] No player or world loaded.
[16:18:25] [Render thread/INFO] (Minecraft) [STDOUT]: [FastHappyGhasts] No player or world loaded.
[16:18:25] [Render thread/INFO] (Minecraft) [STDOUT]: [FastHappyGhasts] No player or world loaded.
[16:18:25] [Render thread/INFO] (Minecraft) [STDOUT]: [FastHappyGhasts] No player or world loaded.
[16:18:25] [Render thread/INFO] (Minecraft) [STDOUT]: [FastHappyGhasts] No player or world loaded.
[16:18:25] [Render thread/INFO] (Minecraft) [STDOUT]: [FastHappyGhasts] No player or world loaded.
[16:18:25] [Render thread/INFO] (Minecraft) [STDOUT]: [FastHappyGhasts] No player or world loaded.
[16:18:25] [Render thread/INFO] (Minecraft) [STDOUT]: [FastHappyGhasts] No player or world loaded.
[16:18:25] [Render thread/INFO] (Minecraft) [STDOUT]: [FastHappyGhasts] No player or world loaded.
[16:18:25] [Render thread/INFO] (Minecraft) [STDOUT]: [FastHappyGhasts] No player or world loaded.
[16:18:25] [Render thread/INFO] (Minecraft) [STDOUT]: [FastHappyGhasts] No player or world loaded.
[16:18:25] [Render thread/INFO] (Minecraft) [STDOUT]: [FastHappyGhasts] No player or world loaded.
[16:18:26] [Render thread/INFO] (Minecraft) [STDOUT]: [FastHappyGhasts] No player or world loaded.
[16:18:26] [Render thread/INFO] (Minecraft) [STDOUT]: [FastHappyGhasts] No player or world loaded.
[16:18:26] [Render thread/INFO] (Minecraft) [STDOUT]: [FastHappyGhasts] No player or world loaded.
[16:18:26] [Render thread/INFO] (Minecraft) [STDOUT]: [FastHappyGhasts] No player or world loaded.
[16:18:26] [Render thread/INFO] (Minecraft) [STDOUT]: [FastHappyGhasts] No player or world loaded.
[16:18:26] [Render thread/INFO] (Minecraft) [STDOUT]: [FastHappyGhasts] No player or world loaded.
[16:18:26] [Render thread/INFO] (Minecraft) [STDOUT]: [FastHappyGhasts] No player or world loaded.
[16:18:26] [Render thread/INFO] (Minecraft) [STDOUT]: [FastHappyGhasts] No player or world loaded.
[16:18:26] [Render thread/INFO] (Minecraft) [STDOUT]: [FastHappyGhasts] No player or world loaded.
[16:18:26] [Render thread/INFO] (Minecraft) [STDOUT]: [FastHappyGhasts] No player or world loaded.
[16:18:26] [Render thread/INFO] (Minecraft) [STDOUT]: [FastHappyGhasts] No player or world loaded.
[16:18:26] [Render thread/INFO] (Minecraft) [STDOUT]: [FastHappyGhasts] No player or world loaded.
[16:18:26] [Render thread/INFO] (Minecraft) [STDOUT]: [FastHappyGhasts] No player or world loaded.
[16:18:26] [Render thread/INFO] (Minecraft) [STDOUT]: [FastHappyGhasts] No player or world loaded.
[16:18:26] [Render thread/INFO] (Minecraft) [STDOUT]: [FastHappyGhasts] No player or world loaded.
[16:18:26] [Render thread/INFO] (Minecraft) [STDOUT]: [FastHappyGhasts] No player or world loaded.
[16:18:26] [Render thread/INFO] (Minecraft) [STDOUT]: [FastHappyGhasts] No player or world loaded.
[16:18:26] [Render thread/INFO] (Minecraft) [STDOUT]: [FastHappyGhasts] No player or world loaded.
[16:18:26] [Render thread/INFO] (Minecraft) [STDOUT]: [FastHappyGhasts] No player or world loaded.
[16:18:26] [Render thread/INFO] (Minecraft) [STDOUT]: [FastHappyGhasts] No player or world loaded.
[16:18:27] [Render thread/INFO] (Minecraft) [STDOUT]: [FastHappyGhasts] No player or world loaded.
[16:18:27] [Render thread/INFO] (Minecraft) [STDOUT]: [FastHappyGhasts] No player or world loaded.
[16:18:27] [Render thread/INFO] (Minecraft) [STDOUT]: [FastHappyGhasts] No player or world loaded.
[16:18:27] [Render thread/INFO] (Minecraft) [STDOUT]: [FastHappyGhasts] No player or world loaded.
[16:18:27] [Render thread/INFO] (Minecraft) [STDOUT]: [FastHappyGhasts] No player or world loaded.
[16:18:27] [Render thread/INFO] (Minecraft) [STDOUT]: [FastHappyGhasts] No player or world loaded.
[16:18:27] [Render thread/INFO] (Minecraft) [STDOUT]: [FastHappyGhasts] No player or world loaded.
[16:18:27] [Render thread/INFO] (Minecraft) [STDOUT]: [FastHappyGhasts] No player or world loaded.
[16:18:27] [Render thread/INFO] (Minecraft) [STDOUT]: [FastHappyGhasts] No player or world loaded.
[16:18:27] [Render thread/INFO] (Minecraft) [STDOUT]: [FastHappyGhasts] No player or world loaded.
[16:18:27] [Render thread/INFO] (Minecraft) [STDOUT]: [FastHappyGhasts] No player or world loaded.
[16:18:27] [Render thread/INFO] (Minecraft) [STDOUT]: [FastHappyGhasts] No player or world loaded.
[16:18:27] [Render thread/INFO] (Minecraft) [STDOUT]: [FastHappyGhasts] No player or world loaded.
[16:18:27] [Render thread/INFO] (Minecraft) [STDOUT]: [FastHappyGhasts] No player or world loaded.
[16:18:27] [Render thread/INFO] (Minecraft) [STDOUT]: [FastHappyGhasts] No player or world loaded.
[16:18:27] [Render thread/INFO] (Minecraft) [STDOUT]: [FastHappyGhasts] No player or world loaded.
[16:18:27] [Render thread/INFO] (Minecraft) [STDOUT]: [FastHappyGhasts] No player or world loaded.
[16:18:27] [Render thread/INFO] (Minecraft) [STDOUT]: [FastHappyGhasts] No player or world loaded.
[16:18:27] [Render thread/INFO] (Minecraft) [STDOUT]: [FastHappyGhasts] No player or world loaded.
[16:18:27] [Render thread/INFO] (Minecraft) [STDOUT]: [FastHappyGhasts] No player or world loaded.
[16:18:28] [Render thread/INFO] (Minecraft) [STDOUT]: [FastHappyGhasts] No player or world loaded.
[16:18:28] [Render thread/INFO] (Minecraft) [STDOUT]: [FastHappyGhasts] No player or world loaded.
[16:18:28] [Render thread/INFO] (Minecraft) [STDOUT]: [FastHappyGhasts] No player or world loaded.
[16:18:28] [Render thread/INFO] (Minecraft) [STDOUT]: [FastHappyGhasts] No player or world loaded.
[16:18:28] [Render thread/INFO] (Minecraft) [STDOUT]: [FastHappyGhasts] No player or world loaded.
[16:18:28] [Render thread/INFO] (Minecraft) [STDOUT]: [FastHappyGhasts] No player or world loaded.
[16:18:28] [Render thread/INFO] (Minecraft) [STDOUT]: [FastHappyGhasts] No player or world loaded.
[16:18:28] [Render thread/INFO] (Minecraft) Stopping!
